0 info it worked if it ends with ok
1 verbose cli [ 'c:\\Program Files\\nodejs\\node.exe',
1 verbose cli   'c:\\Program Files\\nodejs\\node_modules\\npm\\bin\\npm-cli.js',
1 verbose cli   'run',
1 verbose cli   'dev' ]
2 info using npm@3.8.3
3 info using node@v5.10.1
4 verbose run-script [ 'predev', 'dev', 'postdev' ]
5 info lifecycle @~predev: @
6 silly lifecycle @~predev: no script for predev, continuing
7 info lifecycle @~dev: @
8 verbose lifecycle @~dev: unsafe-perm in lifecycle true
9 verbose lifecycle @~dev: PATH: c:\Program Files\nodejs\node_modules\npm\bin\node-gyp-bin;c:\Users\Thinkpad\php\msgboard\node_modules\.bin;c:\Program Files\nodejs;c:\Users\Thinkpad\bin;.;C:\Program Files (x86)\Git\local\bin;C:\Program Files (x86)\Git\mingw\bin;C:\Program Files (x86)\Git\bin;C:\Program Files (x86)\Git\bin;c:\Windows\system32;c:\Windows;c:\Windows\System32\Wbem;c:\Windows\System32\WindowsPowerShell\v1.0\;c:\Program Files\Lenovo\Fingerprint Manager Pro\;c:\Program Files\Intel\WiFi\bin\;c:\Program Files\Common Files\Intel\WirelessCommon\;c:\Program Files\nodejs\;c:\wamp\bin\php\php5.5.12;c:\ProgramData\ComposerSetup\bin;c:\HashiCorp\Vagrant\bin;C:\Program Files (x86)\Git\cmd;C:\Program Files (x86)\Git\bin;c:\Program Files\Common Files\Intel\WirelessCommon\;c:\Users\Thinkpad\AppData\Roaming\npm;c:\Users\Thinkpad\AppData\Roaming\Composer\vendor\bin;c:\wamp64\bin\php\php7.0.0;c:\Program Files\Intel\WiFi\bin\
10 verbose lifecycle @~dev: CWD: c:\Users\Thinkpad\php\msgboard
11 silly lifecycle @~dev: Args: [ '/d /s /c', 'gulp watch' ]
12 silly lifecycle @~dev: Returned: code: 1  signal: null
13 info lifecycle @~dev: Failed to exec dev script
14 verbose stack Error: @ dev: `gulp watch`
14 verbose stack Exit status 1
14 verbose stack     at EventEmitter.<anonymous> (c:\Program Files\nodejs\node_modules\npm\lib\utils\lifecycle.js:239:16)
14 verbose stack     at emitTwo (events.js:100:13)
14 verbose stack     at EventEmitter.emit (events.js:185:7)
14 verbose stack     at ChildProcess.<anonymous> (c:\Program Files\nodejs\node_modules\npm\lib\utils\spawn.js:24:14)
14 verbose stack     at emitTwo (events.js:100:13)
14 verbose stack     at ChildProcess.emit (events.js:185:7)
14 verbose stack     at maybeClose (internal/child_process.js:850:16)
14 verbose stack     at Process.ChildProcess._handle.onexit (internal/child_process.js:215:5)
15 verbose pkgid @
16 verbose cwd c:\Users\Thinkpad\php\msgboard
17 error Windows_NT 6.1.7601
18 error argv "c:\\Program Files\\nodejs\\node.exe" "c:\\Program Files\\nodejs\\node_modules\\npm\\bin\\npm-cli.js" "run" "dev"
19 error node v5.10.1
20 error npm  v3.8.3
21 error code ELIFECYCLE
22 error @ dev: `gulp watch`
22 error Exit status 1
23 error Failed at the @ dev script 'gulp watch'.
23 error Make sure you have the latest version of node.js and npm installed.
23 error If you do, this is most likely a problem with the  package,
23 error not with npm itself.
23 error Tell the author that this fails on your system:
23 error     gulp watch
23 error You can get information on how to open an issue for this project with:
23 error     npm bugs
23 error Or if that isn't available, you can get their info via:
23 error     npm owner ls
23 error There is likely additional logging output above.
24 verbose exit [ 1, true ]
